<?xml version="1.0" encoding="UTF-8"?>
<!-- Generated by org.testng.reporters.JUnitReportReporter -->
<testsuite hostname="DESKTOP-FKHOH3U" failures="0" tests="5" name="FrameworkKeywords.FailedTestCase" time="18.146" errors="0" timestamp="2023-01-06T22:15:11 IST" skipped="0">
  <testcase classname="FrameworkKeywords.FailedTestCase" name="Test3" time="3.645"/>
  <system-out/>
  <testcase classname="FrameworkKeywords.FailedTestCase" name="Test1" time="3.671"/>
  <system-out/>
  <testcase classname="FrameworkKeywords.FailedTestCase" name="Test5" time="3.915"/>
  <system-out/>
  <testcase classname="FrameworkKeywords.FailedTestCase" name="Test2" time="3.525"/>
  <system-out/>
  <testcase classname="FrameworkKeywords.FailedTestCase" name="Test4" time="3.390"/>
  <system-out/>
</testsuite> <!-- FrameworkKeywords.FailedTestCase -->
