<?xml version="1.0" encoding="UTF-8"?>
<!-- Generated by org.testng.reporters.JUnitReportReporter -->
<testsuite hostname="DESKTOP-FKHOH3U" failures="0" tests="4" name="FrameworkKeywords.PriorityKeyword" time="26.653" errors="0" timestamp="2023-01-04T21:34:05 IST" skipped="0">
  <testcase classname="FrameworkKeywords.PriorityKeyword" name="verifyTitle4" time="5.445"/>
  <system-out/>
  <testcase classname="FrameworkKeywords.PriorityKeyword" name="verifyTitle3" time="5.759"/>
  <system-out/>
  <testcase classname="FrameworkKeywords.PriorityKeyword" name="verifyTitle2" time="7.437"/>
  <system-out/>
  <testcase classname="FrameworkKeywords.PriorityKeyword" name="verifyTitle1" time="8.012"/>
  <system-out/>
</testsuite> <!-- FrameworkKeywords.PriorityKeyword -->
