<?xml version="1.0" encoding="UTF-8"?>
<!-- Generated by org.testng.reporters.JUnitReportReporter -->
<testsuite hostname="DESKTOP-FKHOH3U" failures="0" tests="6" name="TestCase.LoginPageTest" time="56.991" errors="0" timestamp="2023-01-05T13:39:38 IST" skipped="5">
  <testcase classname="TestCase.LoginPageTest" name="verifyLoginBtn" time="56.991"/>
  <system-out/>
  <testcase classname="TestCase.LoginPageTest" name="verifyURl">
    <skipped/>
  </testcase> <!-- verifyURl -->
  <system-out/>
  <testcase classname="TestCase.LoginPageTest" name="verifyTitle">
    <skipped/>
  </testcase> <!-- verifyTitle -->
  <system-out/>
  <testcase classname="TestCase.LoginPageTest" name="verifyInventoyLable">
    <skipped/>
  </testcase> <!-- verifyInventoyLable -->
  <system-out/>
  <testcase classname="TestCase.LoginPageTest" name="verifyLoginLogo">
    <skipped/>
  </testcase> <!-- verifyLoginLogo -->
  <system-out/>
  <testcase classname="TestCase.LoginPageTest" name="verifyBotLogo">
    <skipped/>
  </testcase> <!-- verifyBotLogo -->
  <system-out/>
</testsuite> <!-- TestCase.LoginPageTest -->
