<?xml version="1.0" encoding="UTF-8"?>
<!-- Generated by org.testng.reporters.JUnitReportReporter -->
<testsuite hostname="DESKTOP-FKHOH3U" failures="0" tests="4" name="FrameworkKeywords.GroupTest" time="22.086" errors="0" timestamp="2023-01-07T21:44:57 IST" skipped="0">
  <testcase classname="FrameworkKeywords.GroupTest" name="Title2" time="5.650"/>
  <system-out/>
  <testcase classname="FrameworkKeywords.GroupTest" name="Title3" time="5.529"/>
  <system-out/>
  <testcase classname="FrameworkKeywords.GroupTest" name="Title4" time="5.368"/>
  <system-out/>
  <testcase classname="FrameworkKeywords.GroupTest" name="Title1" time="5.539"/>
  <system-out/>
</testsuite> <!-- FrameworkKeywords.GroupTest -->
