<?xml version="1.0" encoding="UTF-8"?>
<!-- Generated by org.testng.reporters.JUnitReportReporter -->
<testsuite hostname="DESKTOP-FKHOH3U" failures="0" tests="6" name="TestCase.CheckoutStepTwoTest" time="35.577" errors="0" timestamp="2023-01-04T22:05:38 IST" skipped="5">
  <testcase classname="TestCase.CheckoutStepTwoTest" name="verifyShoingInformationTest" time="35.577"/>
  <system-out>
    <![CDATA[shoping information=FREE PONY EXPRESS DELIVERY!]]>
  </system-out>
  <testcase classname="TestCase.CheckoutStepTwoTest" name="verifyPaymentInformationTest">
    <skipped/>
  </testcase> <!-- verifyPaymentInformationTest -->
  <system-out/>
  <testcase classname="TestCase.CheckoutStepTwoTest" name="verifyTotalAmountTest">
    <skipped/>
  </testcase> <!-- verifyTotalAmountTest -->
  <system-out/>
  <testcase classname="TestCase.CheckoutStepTwoTest" name="verifyOverViewLableTest">
    <skipped/>
  </testcase> <!-- verifyOverViewLableTest -->
  <system-out/>
  <testcase classname="TestCase.CheckoutStepTwoTest" name="verifyCancelBtnTest">
    <skipped/>
  </testcase> <!-- verifyCancelBtnTest -->
  <system-out/>
  <testcase classname="TestCase.CheckoutStepTwoTest" name="verifyFinishBtn">
    <skipped/>
  </testcase> <!-- verifyFinishBtn -->
  <system-out/>
</testsuite> <!-- TestCase.CheckoutStepTwoTest -->
