<?xml version="1.0" encoding="UTF-8"?>
<!-- Generated by org.testng.reporters.JUnitReportReporter -->
<testsuite hostname="DESKTOP-FKHOH3U" failures="0" tests="3" name="TestCase.CartPageTest" time="28.149" errors="0" timestamp="2023-01-04T21:48:35 IST" skipped="2">
  <testcase classname="TestCase.CartPageTest" name="VerifyChecKPointTest" time="28.149"/>
  <system-out/>
  <testcase classname="TestCase.CartPageTest" name="verifyCartLableTest">
    <skipped/>
  </testcase> <!-- verifyCartLableTest -->
  <system-out/>
  <testcase classname="TestCase.CartPageTest" name="verifyContinueShopingBtnTest">
    <skipped/>
  </testcase> <!-- verifyContinueShopingBtnTest -->
  <system-out/>
</testsuite> <!-- TestCase.CartPageTest -->
