<?xml version="1.0" encoding="UTF-8"?>
<!-- Generated by org.testng.reporters.JUnitReportReporter -->
<testsuite hostname="DESKTOP-FKHOH3U" failures="0" tests="3" name="TestCase.CheckoutStepOneTest" time="36.814" errors="0" timestamp="2023-01-04T21:53:20 IST" skipped="2">
  <testcase classname="TestCase.CheckoutStepOneTest" name="verifyContinueBtnTest" time="36.814"/>
  <system-out>
    <![CDATA[URL of checkout step two=https://www.saucedemo.com/checkout-step-two.html]]>
  </system-out>
  <testcase classname="TestCase.CheckoutStepOneTest" name="verifyCancelBtnTest">
    <skipped/>
  </testcase> <!-- verifyCancelBtnTest -->
  <system-out/>
  <testcase classname="TestCase.CheckoutStepOneTest" name="verifyCheckoutLabel">
    <skipped/>
  </testcase> <!-- verifyCheckoutLabel -->
  <system-out/>
</testsuite> <!-- TestCase.CheckoutStepOneTest -->
