<?xml version="1.0" encoding="UTF-8"?>
<!-- Generated by org.testng.reporters.JUnitReportReporter -->
<testsuite hostname="DESKTOP-FKHOH3U" failures="0" tests="4" name="FrameworkKeywords.ParallelTest" time="88.437" errors="0" timestamp="2023-01-07T21:37:56 IST" skipped="0">
  <testcase classname="FrameworkKeywords.ParallelTest" name="Test3" time="18.609"/>
  <system-out/>
  <testcase classname="FrameworkKeywords.ParallelTest" name="Test1" time="16.750"/>
  <system-out/>
  <testcase classname="FrameworkKeywords.ParallelTest" name="Test2" time="34.189"/>
  <system-out/>
  <testcase classname="FrameworkKeywords.ParallelTest" name="Test4" time="18.889"/>
  <system-out/>
</testsuite> <!-- FrameworkKeywords.ParallelTest -->
