<?xml version="1.0" encoding="UTF-8"?>
<!-- Generated by org.testng.reporters.JUnitReportReporter -->
<testsuite hostname="DESKTOP-FKHOH3U" failures="0" tests="7" name="TestCase.InventoryPageTest" time="46.996" errors="0" timestamp="2022-12-31T14:34:39 IST" skipped="5">
  <testcase classname="TestCase.InventoryPageTest" name="addProductTest" time="22.854"/>
  <testcase classname="TestCase.InventoryPageTest" name="goToCartPage" time="24.142"/>
  <testcase classname="TestCase.InventoryPageTest" name="verifyLinkdinLogo">
    <skipped/>
  </testcase> <!-- verifyLinkdinLogo -->
  <testcase classname="TestCase.InventoryPageTest" name="verifyFbLogo">
    <skipped/>
  </testcase> <!-- verifyFbLogo -->
  <testcase classname="TestCase.InventoryPageTest" name="verifyPeekLogo">
    <skipped/>
  </testcase> <!-- verifyPeekLogo -->
  <testcase classname="TestCase.InventoryPageTest" name="verifySwagLogo">
    <skipped/>
  </testcase> <!-- verifySwagLogo -->
  <testcase classname="TestCase.InventoryPageTest" name="verifyTwitterLogo">
    <skipped/>
  </testcase> <!-- verifyTwitterLogo -->
</testsuite> <!-- TestCase.InventoryPageTest -->
