<?xml version="1.0" encoding="UTF-8"?>
<!-- Generated by org.testng.reporters.JUnitReportReporter -->
<testsuite hostname="DESKTOP-FKHOH3U" failures="0" tests="5" name="TestCase.CompletePageTest" time="72.729" errors="0" timestamp="2023-01-03T15:27:47 IST" skipped="3">
  <testcase classname="TestCase.CompletePageTest" name="verifyBackHomeBtn" time="35.902"/>
  <testcase classname="TestCase.CompletePageTest" name="verifyPonyImgTest" time="36.827"/>
  <testcase classname="TestCase.CompletePageTest" name="verifyCompleteLableTest">
    <skipped/>
  </testcase> <!-- verifyCompleteLableTest -->
  <testcase classname="TestCase.CompletePageTest" name="verifyThankULable">
    <skipped/>
  </testcase> <!-- verifyThankULable -->
  <testcase classname="TestCase.CompletePageTest" name="verifyTextTest">
    <skipped/>
  </testcase> <!-- verifyTextTest -->
</testsuite> <!-- TestCase.CompletePageTest -->
